<?xml version="1.0" encoding="UTF-8"?>
<!-- Generated by org.testng.reporters.JUnitReportReporter -->
<testsuite hostname="LAPTOP-MNDPAOFE" failures="0" tests="5" name="com.SauceDemo.TESTClasses.TC01_LoginPageFunctionality" time="0.270" errors="0" timestamp="2022-05-27T00:55:07 IST" skipped="4">
  <testcase classname="com.SauceDemo.TESTClasses.TC01_LoginPageFunctionality" name="loginFunctionality" time="0.270"/>
  <system-out/>
  <testcase classname="com.SauceDemo.TESTClasses.TC01_LoginPageFunctionality" name="Addallproduct">
    <skipped/>
  </testcase> <!-- Addallproduct -->
  <system-out/>
  <testcase classname="com.SauceDemo.TESTClasses.TC01_LoginPageFunctionality" name="homepagefuctionality">
    <skipped/>
  </testcase> <!-- homepagefuctionality -->
  <system-out/>
  <testcase classname="com.SauceDemo.TESTClasses.TC01_LoginPageFunctionality" name="logoutFunctionality">
    <skipped/>
  </testcase> <!-- logoutFunctionality -->
  <system-out/>
  <testcase classname="com.SauceDemo.TESTClasses.TC01_LoginPageFunctionality" name="singleproduct">
    <skipped/>
  </testcase> <!-- singleproduct -->
  <system-out/>
</testsuite> <!-- com.SauceDemo.TESTClasses.TC01_LoginPageFunctionality -->
