<?xml version="1.0" encoding="UTF-8"?>
<!-- Generated by org.testng.reporters.JUnitReportReporter -->
<testsuite hostname="LAPTOP-MNDPAOFE" failures="0" tests="1" name="com.Amazon.POMClasses.TestNGClass" time="0.011" errors="0" timestamp="2022-05-22T14:10:57 IST" skipped="0">
  <testcase classname="com.Amazon.POMClasses.TestNGClass" name="method1" time="0.011"/>
  <system-out/>
</testsuite> <!-- com.Amazon.POMClasses.TestNGClass -->
