<?xml version="1.0" encoding="UTF-8"?>
<!-- Generated by org.testng.reporters.JUnitReportReporter -->
<testsuite hostname="LAPTOP-MNDPAOFE" failures="0" tests="1" name="com.SauceDemo.TESTClasses.TC02_HomePageTestClass" time="2.862" errors="0" timestamp="2022-05-27T00:55:07 IST" skipped="0">
  <testcase classname="com.SauceDemo.TESTClasses.TC02_HomePageTestClass" name="homepagefuctionality" time="2.862"/>
  <system-out/>
</testsuite> <!-- com.SauceDemo.TESTClasses.TC02_HomePageTestClass -->
